<?xml version="1.0" encoding="UTF-8"?>
<!-- Generated by org.testng.reporters.JUnitReportReporter -->
<testsuite skipped="1" hostname="DESKTOP-482OVNE" name="com.actitime.testScripts.LoginTestCase" tests="2" failures="0" timestamp="18 Nov 2018 16:59:39 GMT" time="51.554" errors="0">
  <testcase name="loginTest" time="51.554" classname="com.actitime.testScripts.LoginTestCase"/>
  <testcase name="invalidLoginTest" classname="com.actitime.testScripts.LoginTestCase">
    <skipped/>
  </testcase> <!-- invalidLoginTest -->
</testsuite> <!-- com.actitime.testScripts.LoginTestCase -->
