<?xml version="1.0" encoding="UTF-8"?>
<!-- Generated by org.testng.reporters.JUnitReportReporter -->
<testsuite skipped="2" hostname="DESKTOP-482OVNE" name="com.actitime.testScripts.AuthenticationPopUp" tests="3" failures="0" timestamp="23 Jun 2019 20:52:07 GMT" time="16.896" errors="0">
  <testcase name="sikuliFileDownload" time="16.896" classname="com.actitime.testScripts.AuthenticationPopUp"/>
  <testcase name="hiddenDivPopup" classname="com.actitime.testScripts.AuthenticationPopUp">
    <skipped/>
  </testcase> <!-- hiddenDivPopup -->
  <testcase name="authentationPopUptesting" classname="com.actitime.testScripts.AuthenticationPopUp">
    <skipped/>
  </testcase> <!-- authentationPopUptesting -->
</testsuite> <!-- com.actitime.testScripts.AuthenticationPopUp -->
