<?xml version="1.0" encoding="UTF-8"?>
<!-- Generated by org.testng.reporters.JUnitReportReporter -->
<testsuite skipped="0" hostname="DESKTOP-482OVNE" name="com.actitime.testScripts.LoginTestCase" tests="1" failures="0" timestamp="17 Nov 2018 17:59:12 GMT" time="39.815" errors="0">
  <testcase name="LoginFunction" time="39.815" classname="com.actitime.testScripts.LoginTestCase"/>
</testsuite> <!-- com.actitime.testScripts.LoginTestCase -->
