<?xml version="1.0" encoding="UTF-8"?>
<!-- Generated by org.testng.reporters.JUnitReportReporter -->
<testsuite skipped="0" hostname="DESKTOP-482OVNE" name="com.actitime.testScripts.AuthenticationPopUp" tests="1" failures="0" timestamp="19 Jun 2019 17:44:09 GMT" time="10.650" errors="0">
  <testcase name="authentationPopUptesting" time="10.650" classname="com.actitime.testScripts.AuthenticationPopUp"/>
</testsuite> <!-- com.actitime.testScripts.AuthenticationPopUp -->
