<?xml version="1.0" encoding="UTF-8"?>
<!-- Generated by org.testng.reporters.JUnitReportReporter -->
<testsuite skipped="0" hostname="DESKTOP-482OVNE" name="com.actitime.testScripts.LoginTestCase" tests="2" failures="0" timestamp="18 Nov 2018 19:51:43 GMT" time="57.750" errors="0">
  <testcase name="loginTest" time="30.731" classname="com.actitime.testScripts.LoginTestCase"/>
  <testcase name="invalidLoginTest" time="27.019" classname="com.actitime.testScripts.LoginTestCase"/>
</testsuite> <!-- com.actitime.testScripts.LoginTestCase -->
