<?xml version="1.0" encoding="UTF-8"?>
<!-- Generated by org.testng.reporters.JUnitReportReporter -->
<testsuite skipped="0" hostname="DESKTOP-482OVNE" name="com.actitime.testScripts.TasksTestCase" tests="2" failures="0" timestamp="18 Nov 2018 19:51:43 GMT" time="57.668" errors="0">
  <testcase name="deleteCustomer" time="27.643" classname="com.actitime.testScripts.TasksTestCase"/>
  <testcase name="createNewCustomer" time="30.025" classname="com.actitime.testScripts.TasksTestCase"/>
</testsuite> <!-- com.actitime.testScripts.TasksTestCase -->
